[2025-12-05 13:30:57] request.INFO: Matched route "admin_themes_import". {"route":"admin_themes_import","route_parameters":{"_route":"admin_themes_import","_controller":"PrestaShopBundle\\Controller\\Admin\\Improve\\Design\\ThemeController::importAction","_legacy_controller":"AdminThemes","_legacy_link":"AdminThemes:importtheme"},"request_uri":"https://zerobase.pl/admin5859/index.php/improve/design/themes/import?_token=FAOABmi2cUPwVrHghCifyyj8RHpYWxwqpLNduwi2Fk4","method":"POST"} []
[2025-12-05 13:30:57] security.DEBUG: Read existing security token from the session. {"key":"_security_main","token_class":"Symfony\\Component\\Security\\Core\\Authentication\\Token\\UsernamePasswordToken"} []
[2025-12-05 13:30:57] security.DEBUG: User was reloaded from a user provider. {"provider":"PrestaShopBundle\\Security\\Admin\\EmployeeProvider","username":"remigiusz.wyciszkiewicz@gmail.com"} []
[2025-12-05 13:31:01] app.ERROR: No result was found for query although at least one row was expected. {"object_type":"Translation"} []
[2025-12-05 13:31:01] app.ERROR: No result was found for query although at least one row was expected. {"object_type":"Translation"} []
[2025-12-05 13:31:01] app.ERROR: No result was found for query although at least one row was expected. {"object_type":"Translation"} []
[2025-12-05 13:31:01] app.ERROR: No result was found for query although at least one row was expected. {"object_type":"Translation"} []
[2025-12-05 13:31:01] app.ERROR: No result was found for query although at least one row was expected. {"object_type":"Translation"} []
[2025-12-05 13:31:01] app.ERROR: No result was found for query although at least one row was expected. {"object_type":"Translation"} []
[2025-12-05 13:31:01] app.ERROR: No result was found for query although at least one row was expected. {"object_type":"Translation"} []
[2025-12-05 13:31:01] app.ERROR: No result was found for query although at least one row was expected. {"object_type":"Translation"} []
[2025-12-05 13:31:01] app.ERROR: No result was found for query although at least one row was expected. {"object_type":"Translation"} []
[2025-12-05 13:31:01] app.ERROR: No result was found for query although at least one row was expected. {"object_type":"Translation"} []
[2025-12-05 13:31:01] app.ERROR: No result was found for query although at least one row was expected. {"object_type":"Translation"} []
[2025-12-05 13:31:01] app.ERROR: No result was found for query although at least one row was expected. {"object_type":"Translation"} []
[2025-12-05 13:31:01] app.ERROR: No result was found for query although at least one row was expected. {"object_type":"Translation"} []
[2025-12-05 13:31:01] app.ERROR: No result was found for query although at least one row was expected. {"object_type":"Translation"} []
[2025-12-05 13:31:01] app.ERROR: No result was found for query although at least one row was expected. {"object_type":"Translation"} []
[2025-12-05 13:31:01] security.DEBUG: Stored the security token in the session. {"key":"_security_main"} []
[2025-12-05 13:37:28] request.INFO: Matched route "admin_themes_enable". {"route":"admin_themes_enable","route_parameters":{"_route":"admin_themes_enable","_controller":"PrestaShopBundle\\Controller\\Admin\\Improve\\Design\\ThemeController::enableAction","_legacy_controller":"AdminThemes","_legacy_link":"AdminThemes:enableTheme","_legacy_parameters":{"theme_name":"themeName"},"themeName":"AngarTheme"},"request_uri":"https://zerobase.pl/admin5859/index.php/improve/design/themes/AngarTheme/enable?_token=FAOABmi2cUPwVrHghCifyyj8RHpYWxwqpLNduwi2Fk4","method":"POST"} []
[2025-12-05 13:37:28] security.DEBUG: Read existing security token from the session. {"key":"_security_main","token_class":"Symfony\\Component\\Security\\Core\\Authentication\\Token\\UsernamePasswordToken"} []
[2025-12-05 13:37:28] security.DEBUG: User was reloaded from a user provider. {"provider":"PrestaShopBundle\\Security\\Admin\\EmployeeProvider","username":"remigiusz.wyciszkiewicz@gmail.com"} []
[2025-12-05 13:37:29] http_client.INFO: Request: "POST https://mbo-api.prestashop.com/api/shops/events" [] []
[2025-12-05 13:37:29] http_client.INFO: Response: "201 https://mbo-api.prestashop.com/api/shops/events" [] []
[2025-12-05 13:37:30] http_client.INFO: Request: "POST https://mbo-api.prestashop.com/api/shops/events" [] []
[2025-12-05 13:37:30] http_client.INFO: Response: "201 https://mbo-api.prestashop.com/api/shops/events" [] []
[2025-12-05 13:37:31] http_client.INFO: Request: "POST https://mbo-api.prestashop.com/api/shops/events" [] []
[2025-12-05 13:37:31] http_client.INFO: Response: "201 https://mbo-api.prestashop.com/api/shops/events" [] []
[2025-12-05 13:37:31] http_client.INFO: Request: "POST https://mbo-api.prestashop.com/api/shops/events" [] []
[2025-12-05 13:37:31] http_client.INFO: Response: "201 https://mbo-api.prestashop.com/api/shops/events" [] []
[2025-12-05 13:37:32] http_client.INFO: Request: "POST https://mbo-api.prestashop.com/api/shops/events" [] []
[2025-12-05 13:37:32] http_client.INFO: Response: "201 https://mbo-api.prestashop.com/api/shops/events" [] []
[2025-12-05 13:37:33] http_client.INFO: Request: "POST https://mbo-api.prestashop.com/api/shops/events" [] []
[2025-12-05 13:37:33] http_client.INFO: Response: "201 https://mbo-api.prestashop.com/api/shops/events" [] []
[2025-12-05 13:37:33] http_client.INFO: Request: "POST https://mbo-api.prestashop.com/api/shops/events" [] []
[2025-12-05 13:37:33] http_client.INFO: Response: "201 https://mbo-api.prestashop.com/api/shops/events" [] []
[2025-12-05 13:37:33] app.INFO: Protect vendor folder in module angarfastconfig [] []
[2025-12-05 13:37:33] app.INFO: Module angarfastconfig has no vendor folder [] []
[2025-12-05 13:37:33] app.ERROR: Cannot register tab "AdminAngarFastconfig" because it already exists [] []
[2025-12-05 13:37:34] http_client.INFO: Request: "POST https://mbo-api.prestashop.com/api/shops/events" [] []
[2025-12-05 13:37:34] http_client.INFO: Response: "201 https://mbo-api.prestashop.com/api/shops/events" [] []
[2025-12-05 13:37:34] app.INFO: Protect vendor folder in module angarbanners [] []
[2025-12-05 13:37:34] app.INFO: Module angarbanners has no vendor folder [] []
[2025-12-05 13:37:35] http_client.INFO: Request: "POST https://mbo-api.prestashop.com/api/shops/events" [] []
[2025-12-05 13:37:35] http_client.INFO: Response: "201 https://mbo-api.prestashop.com/api/shops/events" [] []
[2025-12-05 13:37:35] app.INFO: Protect vendor folder in module angarbestsellers [] []
[2025-12-05 13:37:35] app.INFO: Module angarbestsellers has no vendor folder [] []
[2025-12-05 13:37:36] http_client.INFO: Request: "POST https://mbo-api.prestashop.com/api/shops/events" [] []
[2025-12-05 13:37:36] http_client.INFO: Response: "201 https://mbo-api.prestashop.com/api/shops/events" [] []
[2025-12-05 13:37:36] app.INFO: Protect vendor folder in module angarcatproduct [] []
[2025-12-05 13:37:36] app.INFO: Module angarcatproduct has no vendor folder [] []
[2025-12-05 13:37:36] http_client.INFO: Request: "POST https://mbo-api.prestashop.com/api/shops/events" [] []
[2025-12-05 13:37:36] http_client.INFO: Response: "201 https://mbo-api.prestashop.com/api/shops/events" [] []
[2025-12-05 13:37:36] app.INFO: Protect vendor folder in module angarcmsdesc [] []
[2025-12-05 13:37:36] app.INFO: Module angarcmsdesc has no vendor folder [] []
[2025-12-05 13:37:37] http_client.INFO: Request: "POST https://mbo-api.prestashop.com/api/shops/events" [] []
[2025-12-05 13:37:37] http_client.INFO: Response: "201 https://mbo-api.prestashop.com/api/shops/events" [] []
[2025-12-05 13:37:37] app.INFO: Protect vendor folder in module angarcmsinfo [] []
[2025-12-05 13:37:37] app.INFO: Module angarcmsinfo has no vendor folder [] []
[2025-12-05 13:37:38] http_client.INFO: Request: "POST https://mbo-api.prestashop.com/api/shops/events" [] []
[2025-12-05 13:37:38] http_client.INFO: Response: "201 https://mbo-api.prestashop.com/api/shops/events" [] []
[2025-12-05 13:37:38] app.INFO: Protect vendor folder in module angarfacebook [] []
[2025-12-05 13:37:38] app.INFO: Module angarfacebook has no vendor folder [] []
[2025-12-05 13:37:39] http_client.INFO: Request: "POST https://mbo-api.prestashop.com/api/shops/events" [] []
[2025-12-05 13:37:39] http_client.INFO: Response: "201 https://mbo-api.prestashop.com/api/shops/events" [] []
[2025-12-05 13:37:39] app.INFO: Protect vendor folder in module angarfeatured [] []
[2025-12-05 13:37:39] app.INFO: Module angarfeatured has no vendor folder [] []
[2025-12-05 13:37:39] http_client.INFO: Request: "POST https://mbo-api.prestashop.com/api/shops/events" [] []
[2025-12-05 13:37:39] http_client.INFO: Response: "201 https://mbo-api.prestashop.com/api/shops/events" [] []
[2025-12-05 13:37:39] app.INFO: Protect vendor folder in module angarhomecat [] []
[2025-12-05 13:37:39] app.INFO: Module angarhomecat has no vendor folder [] []
[2025-12-05 13:37:40] http_client.INFO: Request: "POST https://mbo-api.prestashop.com/api/shops/events" [] []
[2025-12-05 13:37:40] http_client.INFO: Response: "201 https://mbo-api.prestashop.com/api/shops/events" [] []
[2025-12-05 13:37:40] app.INFO: Protect vendor folder in module angarmanufacturer [] []
[2025-12-05 13:37:40] app.INFO: Module angarmanufacturer has no vendor folder [] []
[2025-12-05 13:37:41] http_client.INFO: Request: "POST https://mbo-api.prestashop.com/api/shops/events" [] []
[2025-12-05 13:37:41] http_client.INFO: Response: "201 https://mbo-api.prestashop.com/api/shops/events" [] []
[2025-12-05 13:37:41] app.INFO: Protect vendor folder in module angarnewproducts [] []
[2025-12-05 13:37:41] app.INFO: Module angarnewproducts has no vendor folder [] []
[2025-12-05 13:37:42] http_client.INFO: Request: "POST https://mbo-api.prestashop.com/api/shops/events" [] []
[2025-12-05 13:37:42] http_client.INFO: Response: "201 https://mbo-api.prestashop.com/api/shops/events" [] []
[2025-12-05 13:37:42] app.INFO: Protect vendor folder in module angarparallax [] []
[2025-12-05 13:37:42] app.INFO: Module angarparallax has no vendor folder [] []
[2025-12-05 13:37:42] http_client.INFO: Request: "POST https://mbo-api.prestashop.com/api/shops/events" [] []
[2025-12-05 13:37:42] http_client.INFO: Response: "201 https://mbo-api.prestashop.com/api/shops/events" [] []
[2025-12-05 13:37:42] app.INFO: Protect vendor folder in module angarslider [] []
[2025-12-05 13:37:42] app.INFO: Module angarslider has no vendor folder [] []
[2025-12-05 13:37:43] http_client.INFO: Request: "POST https://mbo-api.prestashop.com/api/shops/events" [] []
[2025-12-05 13:37:43] http_client.INFO: Response: "201 https://mbo-api.prestashop.com/api/shops/events" [] []
[2025-12-05 13:37:43] app.INFO: Protect vendor folder in module angarspecials [] []
[2025-12-05 13:37:43] app.INFO: Module angarspecials has no vendor folder [] []
[2025-12-05 13:37:44] http_client.INFO: Request: "POST https://mbo-api.prestashop.com/api/shops/events" [] []
[2025-12-05 13:37:44] http_client.INFO: Response: "201 https://mbo-api.prestashop.com/api/shops/events" [] []
[2025-12-05 13:37:44] app.INFO: Protect vendor folder in module angarcontact [] []
[2025-12-05 13:37:44] app.INFO: Module angarcontact has no vendor folder [] []
[2025-12-05 13:37:44] http_client.INFO: Request: "POST https://mbo-api.prestashop.com/api/shops/events" [] []
[2025-12-05 13:37:44] http_client.INFO: Response: "201 https://mbo-api.prestashop.com/api/shops/events" [] []
[2025-12-05 13:37:44] app.INFO: Protect vendor folder in module angarscrolltop [] []
[2025-12-05 13:37:44] app.INFO: Module angarscrolltop has no vendor folder [] []
[2025-12-05 13:37:45] http_client.INFO: Request: "POST https://mbo-api.prestashop.com/api/shops/events" [] []
[2025-12-05 13:37:45] http_client.INFO: Response: "201 https://mbo-api.prestashop.com/api/shops/events" [] []
[2025-12-05 13:37:45] app.INFO: Protect vendor folder in module angarthemeconfigurator [] []
[2025-12-05 13:37:45] app.INFO: Module angarthemeconfigurator has no vendor folder [] []
[2025-12-05 13:37:46] http_client.INFO: Request: "POST https://mbo-api.prestashop.com/api/shops/events" [] []
[2025-12-05 13:37:46] http_client.INFO: Response: "201 https://mbo-api.prestashop.com/api/shops/events" [] []
[2025-12-05 13:37:46] app.INFO: Protect vendor folder in module angarwhatsapp [] []
[2025-12-05 13:37:46] app.INFO: Module angarwhatsapp has no vendor folder [] []
[2025-12-05 13:37:47] http_client.INFO: Request: "POST https://mbo-api.prestashop.com/api/shops/events" [] []
[2025-12-05 13:37:47] http_client.INFO: Response: "201 https://mbo-api.prestashop.com/api/shops/events" [] []
[2025-12-05 13:37:47] app.INFO: Protect vendor folder in module angarcookieinfo [] []
[2025-12-05 13:37:47] app.INFO: Module angarcookieinfo has no vendor folder [] []
[2025-12-05 13:37:47] http_client.INFO: Request: "POST https://mbo-api.prestashop.com/api/shops/events" [] []
[2025-12-05 13:37:47] http_client.INFO: Response: "201 https://mbo-api.prestashop.com/api/shops/events" [] []
[2025-12-05 13:37:48] security.DEBUG: Stored the security token in the session. {"key":"_security_main"} []
